<?xml version="1.0" encoding="UTF-8"?>
<robot generator="Robot 3.2.2 (Python 3.7.4 on win32)" generated="20210115 21:20:55.523" rpa="false">
<suite id="s1" name="Writetoexcel" source="C:\Users\Mallikarjun\PycharmProjects\newproject\robotframework\testcases\testoter\writetoexcel.robot">
<test id="s1-t1" name="read datafrom excel">
<kw name="read maxrow value" library="userkeyword">
<arguments>
<arg>userdetails</arg>
</arguments>
<assign>
<var>${row1}</var>
</assign>
<kw name="Readmax Row" library="readexcel">
<arguments>
<arg>${sheetname1}</arg>
</arguments>
<assign>
<var>${rowval}</var>
</assign>
<msg timestamp="20210115 21:20:57.427" level="INFO">${rowval} = 4</msg>
<status status="PASS" starttime="20210115 21:20:57.427" endtime="20210115 21:20:57.427"></status>
</kw>
<msg timestamp="20210115 21:20:57.427" level="INFO">${row1} = 4</msg>
<status status="PASS" starttime="20210115 21:20:57.419" endtime="20210115 21:20:57.427"></status>
</kw>
<kw name="read colval value" library="userkeyword">
<arguments>
<arg>userdetails</arg>
</arguments>
<assign>
<var>${col2}</var>
</assign>
<kw name="Readmaxcol" library="readexcel">
<arguments>
<arg>${sheetname3}</arg>
</arguments>
<assign>
<var>${colval}</var>
</assign>
<msg timestamp="20210115 21:20:57.427" level="INFO">${colval} = None</msg>
<status status="PASS" starttime="20210115 21:20:57.427" endtime="20210115 21:20:57.427"></status>
</kw>
<msg timestamp="20210115 21:20:57.427" level="INFO">${col2} = None</msg>
<status status="PASS" starttime="20210115 21:20:57.427" endtime="20210115 21:20:57.427"></status>
</kw>
<kw name="Convert To Integer" library="BuiltIn">
<doc>Converts the given item to an integer number.</doc>
<arguments>
<arg>1</arg>
</arguments>
<assign>
<var>${colfor username}</var>
</assign>
<msg timestamp="20210115 21:20:57.435" level="INFO">${colfor username} = 1</msg>
<status status="PASS" starttime="20210115 21:20:57.435" endtime="20210115 21:20:57.435"></status>
</kw>
<kw name="Convert To Integer" library="BuiltIn">
<doc>Converts the given item to an integer number.</doc>
<arguments>
<arg>2</arg>
</arguments>
<assign>
<var>${colfor password}</var>
</assign>
<msg timestamp="20210115 21:20:57.435" level="INFO">${colfor password} = 2</msg>
<status status="PASS" starttime="20210115 21:20:57.435" endtime="20210115 21:20:57.435"></status>
</kw>
<kw name="${i} IN RANGE [ 2 | ${row1}+1 ]" type="for">
<kw name="${i} = 2" type="foritem">
<kw name="get each cellvalue" library="userkeyword">
<arguments>
<arg>${i}</arg>
<arg>${colfor username}</arg>
</arguments>
<assign>
<var>${username}</var>
</assign>
<kw name="Getcellval" library="readexcel">
<arguments>
<arg>${row}</arg>
<arg>${col}</arg>
</arguments>
<assign>
<var>${value}</var>
</assign>
<msg timestamp="20210115 21:20:57.435" level="INFO">2
1</msg>
<msg timestamp="20210115 21:20:57.443" level="INFO">${value} = madhur</msg>
<status status="PASS" starttime="20210115 21:20:57.435" endtime="20210115 21:20:57.443"></status>
</kw>
<msg timestamp="20210115 21:20:57.443" level="INFO">${username} = madhur</msg>
<status status="PASS" starttime="20210115 21:20:57.435" endtime="20210115 21:20:57.443"></status>
</kw>
<kw name="Log To Console" library="BuiltIn">
<doc>Logs the given message to the console.</doc>
<arguments>
<arg>row ${i}</arg>
</arguments>
<status status="PASS" starttime="20210115 21:20:57.443" endtime="20210115 21:20:57.443"></status>
</kw>
<kw name="get each cellvalue" library="userkeyword">
<arguments>
<arg>${i}</arg>
<arg>${colfor password}</arg>
</arguments>
<assign>
<var>${Password}</var>
</assign>
<kw name="Getcellval" library="readexcel">
<arguments>
<arg>${row}</arg>
<arg>${col}</arg>
</arguments>
<assign>
<var>${value}</var>
</assign>
<msg timestamp="20210115 21:20:57.443" level="INFO">2
2</msg>
<msg timestamp="20210115 21:20:57.443" level="INFO">${value} = www</msg>
<status status="PASS" starttime="20210115 21:20:57.443" endtime="20210115 21:20:57.443"></status>
</kw>
<msg timestamp="20210115 21:20:57.443" level="INFO">${Password} = www</msg>
<status status="PASS" starttime="20210115 21:20:57.443" endtime="20210115 21:20:57.443"></status>
</kw>
<kw name="Log To Console" library="BuiltIn">
<doc>Logs the given message to the console.</doc>
<arguments>
<arg>uname ${username}</arg>
</arguments>
<status status="PASS" starttime="20210115 21:20:57.443" endtime="20210115 21:20:57.443"></status>
</kw>
<kw name="Log To Console" library="BuiltIn">
<doc>Logs the given message to the console.</doc>
<arguments>
<arg>pwd ${Password}</arg>
</arguments>
<status status="PASS" starttime="20210115 21:20:57.451" endtime="20210115 21:20:57.451"></status>
</kw>
<status status="PASS" starttime="20210115 21:20:57.435" endtime="20210115 21:20:57.451"></status>
</kw>
<kw name="${i} = 3" type="foritem">
<kw name="get each cellvalue" library="userkeyword">
<arguments>
<arg>${i}</arg>
<arg>${colfor username}</arg>
</arguments>
<assign>
<var>${username}</var>
</assign>
<kw name="Getcellval" library="readexcel">
<arguments>
<arg>${row}</arg>
<arg>${col}</arg>
</arguments>
<assign>
<var>${value}</var>
</assign>
<msg timestamp="20210115 21:20:57.451" level="INFO">3
1</msg>
<msg timestamp="20210115 21:20:57.451" level="INFO">${value} = abhi</msg>
<status status="PASS" starttime="20210115 21:20:57.451" endtime="20210115 21:20:57.451"></status>
</kw>
<msg timestamp="20210115 21:20:57.451" level="INFO">${username} = abhi</msg>
<status status="PASS" starttime="20210115 21:20:57.451" endtime="20210115 21:20:57.451"></status>
</kw>
<kw name="Log To Console" library="BuiltIn">
<doc>Logs the given message to the console.</doc>
<arguments>
<arg>row ${i}</arg>
</arguments>
<status status="PASS" starttime="20210115 21:20:57.451" endtime="20210115 21:20:57.451"></status>
</kw>
<kw name="get each cellvalue" library="userkeyword">
<arguments>
<arg>${i}</arg>
<arg>${colfor password}</arg>
</arguments>
<assign>
<var>${Password}</var>
</assign>
<kw name="Getcellval" library="readexcel">
<arguments>
<arg>${row}</arg>
<arg>${col}</arg>
</arguments>
<assign>
<var>${value}</var>
</assign>
<msg timestamp="20210115 21:20:57.459" level="INFO">3
2</msg>
<msg timestamp="20210115 21:20:57.459" level="INFO">${value} = eer</msg>
<status status="PASS" starttime="20210115 21:20:57.459" endtime="20210115 21:20:57.459"></status>
</kw>
<msg timestamp="20210115 21:20:57.459" level="INFO">${Password} = eer</msg>
<status status="PASS" starttime="20210115 21:20:57.451" endtime="20210115 21:20:57.459"></status>
</kw>
<kw name="Log To Console" library="BuiltIn">
<doc>Logs the given message to the console.</doc>
<arguments>
<arg>uname ${username}</arg>
</arguments>
<status status="PASS" starttime="20210115 21:20:57.459" endtime="20210115 21:20:57.459"></status>
</kw>
<kw name="Log To Console" library="BuiltIn">
<doc>Logs the given message to the console.</doc>
<arguments>
<arg>pwd ${Password}</arg>
</arguments>
<status status="PASS" starttime="20210115 21:20:57.459" endtime="20210115 21:20:57.467"></status>
</kw>
<status status="PASS" starttime="20210115 21:20:57.451" endtime="20210115 21:20:57.467"></status>
</kw>
<kw name="${i} = 4" type="foritem">
<kw name="get each cellvalue" library="userkeyword">
<arguments>
<arg>${i}</arg>
<arg>${colfor username}</arg>
</arguments>
<assign>
<var>${username}</var>
</assign>
<kw name="Getcellval" library="readexcel">
<arguments>
<arg>${row}</arg>
<arg>${col}</arg>
</arguments>
<assign>
<var>${value}</var>
</assign>
<msg timestamp="20210115 21:20:57.467" level="INFO">4
1</msg>
<msg timestamp="20210115 21:20:57.467" level="INFO">${value} = viji</msg>
<status status="PASS" starttime="20210115 21:20:57.467" endtime="20210115 21:20:57.467"></status>
</kw>
<msg timestamp="20210115 21:20:57.467" level="INFO">${username} = viji</msg>
<status status="PASS" starttime="20210115 21:20:57.467" endtime="20210115 21:20:57.467"></status>
</kw>
<kw name="Log To Console" library="BuiltIn">
<doc>Logs the given message to the console.</doc>
<arguments>
<arg>row ${i}</arg>
</arguments>
<status status="PASS" starttime="20210115 21:20:57.467" endtime="20210115 21:20:57.475"></status>
</kw>
<kw name="get each cellvalue" library="userkeyword">
<arguments>
<arg>${i}</arg>
<arg>${colfor password}</arg>
</arguments>
<assign>
<var>${Password}</var>
</assign>
<kw name="Getcellval" library="readexcel">
<arguments>
<arg>${row}</arg>
<arg>${col}</arg>
</arguments>
<assign>
<var>${value}</var>
</assign>
<msg timestamp="20210115 21:20:57.475" level="INFO">4
2</msg>
<msg timestamp="20210115 21:20:57.475" level="INFO">${value} = wewq</msg>
<status status="PASS" starttime="20210115 21:20:57.475" endtime="20210115 21:20:57.475"></status>
</kw>
<msg timestamp="20210115 21:20:57.475" level="INFO">${Password} = wewq</msg>
<status status="PASS" starttime="20210115 21:20:57.475" endtime="20210115 21:20:57.475"></status>
</kw>
<kw name="Log To Console" library="BuiltIn">
<doc>Logs the given message to the console.</doc>
<arguments>
<arg>uname ${username}</arg>
</arguments>
<status status="PASS" starttime="20210115 21:20:57.475" endtime="20210115 21:20:57.475"></status>
</kw>
<kw name="Log To Console" library="BuiltIn">
<doc>Logs the given message to the console.</doc>
<arguments>
<arg>pwd ${Password}</arg>
</arguments>
<status status="PASS" starttime="20210115 21:20:57.475" endtime="20210115 21:20:57.475"></status>
</kw>
<status status="PASS" starttime="20210115 21:20:57.467" endtime="20210115 21:20:57.475"></status>
</kw>
<status status="PASS" starttime="20210115 21:20:57.435" endtime="20210115 21:20:57.475"></status>
</kw>
<kw name="Close Browser" library="SeleniumLibrary">
<doc>Closes the current browser.</doc>
<status status="PASS" starttime="20210115 21:20:57.483" endtime="20210115 21:20:57.483"></status>
</kw>
<status status="PASS" starttime="20210115 21:20:57.419" endtime="20210115 21:20:57.483" critical="yes"></status>
</test>
<status status="PASS" starttime="20210115 21:20:55.523" endtime="20210115 21:20:57.483"></status>
</suite>
<statistics>
<total>
<stat pass="1" fail="0">Critical Tests</stat>
<stat pass="1" fail="0">All Tests</stat>
</total>
<tag>
</tag>
<suite>
<stat pass="1" fail="0" id="s1" name="Writetoexcel">Writetoexcel</stat>
</suite>
</statistics>
<errors>
</errors>
</robot>
