<?xml version="1.0" encoding="UTF-8"?>
<robot generator="Robot 3.2.2 (Python 3.7.4 on win32)" generated="20210204 20:15:51.255" rpa="false">
<suite id="s1" name="Returnkeyword" source="C:\Users\Mallikarjun\PycharmProjects\newproject\robotframework\testcases\returnkeyword.robot">
<test id="s1-t1" name="checkretun keyword">
<kw name="open facebook" library="reskeyword">
<arguments>
<arg>https://www.facebook.com/</arg>
<arg>chrome</arg>
</arguments>
<assign>
<var>${val}</var>
</assign>
<kw name="Open Browser" library="SeleniumLibrary">
<doc>Opens a new browser instance to the optional ``url``.</doc>
<arguments>
<arg>${furl}</arg>
<arg>${fbrowser}</arg>
</arguments>
<msg timestamp="20210204 20:15:52.074" level="INFO">Opening browser 'chrome' to base url 'https://www.facebook.com/'.</msg>
<status status="PASS" starttime="20210204 20:15:52.072" endtime="20210204 20:15:59.179"></status>
</kw>
<kw name="Maximize Browser Window" library="SeleniumLibrary">
<doc>Maximizes current browser window.</doc>
<status status="PASS" starttime="20210204 20:15:59.180" endtime="20210204 20:16:00.403"></status>
</kw>
<kw name="Get Title" library="SeleniumLibrary">
<doc>Returns the title of the current page.</doc>
<assign>
<var>${title}</var>
</assign>
<msg timestamp="20210204 20:16:00.425" level="INFO">${title} = Facebook – log in or sign up</msg>
<status status="PASS" starttime="20210204 20:16:00.404" endtime="20210204 20:16:00.426"></status>
</kw>
<msg timestamp="20210204 20:16:00.427" level="INFO">${val} = Facebook – log in or sign up</msg>
<status status="PASS" starttime="20210204 20:15:52.070" endtime="20210204 20:16:00.428"></status>
</kw>
<kw name="Log To Console" library="BuiltIn">
<doc>Logs the given message to the console.</doc>
<arguments>
<arg>${val}</arg>
</arguments>
<status status="PASS" starttime="20210204 20:16:00.429" endtime="20210204 20:16:00.433"></status>
</kw>
<doc>to check retun statement</doc>
<timeout value="10 seconds"></timeout>
<status status="PASS" starttime="20210204 20:15:52.067" endtime="20210204 20:16:00.435" critical="yes"></status>
</test>
<doc>test case to check retun kewword</doc>
<status status="PASS" starttime="20210204 20:15:51.260" endtime="20210204 20:16:00.442"></status>
</suite>
<statistics>
<total>
<stat pass="1" fail="0">Critical Tests</stat>
<stat pass="1" fail="0">All Tests</stat>
</total>
<tag>
</tag>
<suite>
<stat pass="1" fail="0" id="s1" name="Returnkeyword">Returnkeyword</stat>
</suite>
</statistics>
<errors>
</errors>
</robot>
