<?xml version="1.0" encoding="UTF-8"?>
<robot generator="Robot 3.2.2 (Python 3.7.4 on win32)" generated="20210204 17:35:10.564" rpa="false">
<suite id="s1" name="Javascrip" source="C:\Users\Mallikarjun\PycharmProjects\newproject\robotframework\testcases\javascrip.robot">
<test id="s1-t1" name="Test title">
<kw name="Open Browser" library="SeleniumLibrary">
<doc>Opens a new browser instance to the optional ``url``.</doc>
<arguments>
<arg>https://www.youtube.com/</arg>
<arg>chrome</arg>
</arguments>
<msg timestamp="20210204 17:35:11.281" level="INFO">Opening browser 'chrome' to base url 'https://www.youtube.com/'.</msg>
<status status="PASS" starttime="20210204 17:35:11.280" endtime="20210204 17:37:13.942"></status>
</kw>
<kw name="Maximize Browser Window" library="SeleniumLibrary">
<doc>Maximizes current browser window.</doc>
<kw name="Capture Page Screenshot" library="SeleniumLibrary">
<doc>Takes a screenshot of the current page and embeds it into a log file.</doc>
<status status="FAIL" starttime="20210204 17:37:14.678" endtime="20210204 17:37:14.682"></status>
</kw>
<msg timestamp="20210204 17:37:14.682" level="WARN">Keyword 'Capture Page Screenshot' could not be run on failure: Execution terminated by signal</msg>
<status status="FAIL" starttime="20210204 17:37:13.942" endtime="20210204 17:37:14.682"></status>
</kw>
<status status="FAIL" starttime="20210204 17:35:11.278" endtime="20210204 17:37:14.686" critical="yes">Execution terminated by signal</status>
</test>
<doc>Suite description</doc>
<status status="FAIL" starttime="20210204 17:35:10.569" endtime="20210204 17:37:14.690"></status>
</suite>
<statistics>
<total>
<stat pass="0" fail="1">Critical Tests</stat>
<stat pass="0" fail="1">All Tests</stat>
</total>
<tag>
</tag>
<suite>
<stat pass="0" fail="1" id="s1" name="Javascrip">Javascrip</stat>
</suite>
</statistics>
<errors>
<msg timestamp="20210204 17:37:14.682" level="WARN">Keyword 'Capture Page Screenshot' could not be run on failure: Execution terminated by signal</msg>
</errors>
</robot>
