<?xml version="1.0" encoding="UTF-8"?>
<robot generator="Robot 3.2.2 (Python 3.7.4 on win32)" generated="20210104 22:10:54.866" rpa="false">
<suite id="s1" name="Testcases" source="C:\Users\Mallikarjun\PycharmProjects\newproject\robotframework\testcases">
<suite id="s1-s1" name="Testoter" source="C:\Users\Mallikarjun\PycharmProjects\newproject\robotframework\testcases\testoter">
<kw name="suite setup key" type="setup">
<kw name="Log To Console" library="BuiltIn">
<doc>Logs the given message to the console.</doc>
<arguments>
<arg>this suite setup</arg>
</arguments>
<status status="PASS" starttime="20210104 22:10:54.980" endtime="20210104 22:10:54.981"></status>
</kw>
<status status="PASS" starttime="20210104 22:10:54.978" endtime="20210104 22:10:54.981"></status>
</kw>
<suite id="s1-s1-s1" name="Teardowntest" source="C:\Users\Mallikarjun\PycharmProjects\newproject\robotframework\testcases\testoter\teardowntest.robot">
<kw name="before suite exe" library="reskeyword" type="setup">
<kw name="Log To Console" library="BuiltIn">
<doc>Logs the given message to the console.</doc>
<arguments>
<arg>this is suite set up</arg>
</arguments>
<status status="PASS" starttime="20210104 22:10:55.626" endtime="20210104 22:10:55.627"></status>
</kw>
<status status="PASS" starttime="20210104 22:10:55.625" endtime="20210104 22:10:55.628"></status>
</kw>
<test id="s1-s1-s1-t1" name="find title">
<kw name="open udemy" library="reskeyword" type="setup">
<kw name="Open Browser" library="SeleniumLibrary">
<doc>Opens a new browser instance to the optional ``url``.</doc>
<arguments>
<arg>https://www.udemy.com/</arg>
<arg>chrome</arg>
</arguments>
<msg timestamp="20210104 22:10:55.633" level="INFO">Opening browser 'chrome' to base url 'https://www.udemy.com/'.</msg>
<status status="PASS" starttime="20210104 22:10:55.632" endtime="20210104 22:11:03.158"></status>
</kw>
<kw name="Maximize Browser Window" library="SeleniumLibrary">
<doc>Maximizes current browser window.</doc>
<status status="PASS" starttime="20210104 22:11:03.159" endtime="20210104 22:11:04.745"></status>
</kw>
<status status="PASS" starttime="20210104 22:10:55.631" endtime="20210104 22:11:04.747"></status>
</kw>
<kw name="Get Title" library="SeleniumLibrary">
<doc>Returns the title of the current page.</doc>
<assign>
<var>${title}</var>
</assign>
<msg timestamp="20210104 22:11:04.840" level="INFO">${title} = Online Courses - Learn Anything, On Your Schedule | Udemy</msg>
<status status="PASS" starttime="20210104 22:11:04.749" endtime="20210104 22:11:04.841"></status>
</kw>
<kw name="Log To Console" library="BuiltIn">
<doc>Logs the given message to the console.</doc>
<arguments>
<arg>${title}</arg>
</arguments>
<status status="PASS" starttime="20210104 22:11:04.843" endtime="20210104 22:11:04.845"></status>
</kw>
<kw name="close udemy" library="reskeyword" type="teardown">
<kw name="Close Browser" library="SeleniumLibrary">
<doc>Closes the current browser.</doc>
<status status="PASS" starttime="20210104 22:11:04.850" endtime="20210104 22:11:07.055"></status>
</kw>
<status status="PASS" starttime="20210104 22:11:04.848" endtime="20210104 22:11:07.056"></status>
</kw>
<tags>
<tag>all_tc</tag>
<tag>othercase</tag>
</tags>
<status status="PASS" starttime="20210104 22:10:55.628" endtime="20210104 22:11:07.057" critical="yes"></status>
</test>
<test id="s1-s1-s1-t2" name="search type of course">
<kw name="open udemy" library="reskeyword" type="setup">
<kw name="Open Browser" library="SeleniumLibrary">
<doc>Opens a new browser instance to the optional ``url``.</doc>
<arguments>
<arg>https://www.udemy.com/</arg>
<arg>chrome</arg>
</arguments>
<msg timestamp="20210104 22:11:07.067" level="INFO">Opening browser 'chrome' to base url 'https://www.udemy.com/'.</msg>
<status status="PASS" starttime="20210104 22:11:07.067" endtime="20210104 22:11:15.280"></status>
</kw>
<kw name="Maximize Browser Window" library="SeleniumLibrary">
<doc>Maximizes current browser window.</doc>
<status status="PASS" starttime="20210104 22:11:15.282" endtime="20210104 22:11:17.160"></status>
</kw>
<status status="PASS" starttime="20210104 22:11:07.065" endtime="20210104 22:11:17.161"></status>
</kw>
<kw name="search course" library="reskeyword">
<kw name="Click Element" library="SeleniumLibrary">
<doc>Click the element identified by ``locator``.</doc>
<arguments>
<arg>//input[@placeholder="Search for anything"]</arg>
</arguments>
<msg timestamp="20210104 22:11:17.165" level="INFO">Clicking element '//input[@placeholder="Search for anything"]'.</msg>
<status status="PASS" starttime="20210104 22:11:17.164" endtime="20210104 22:11:17.669"></status>
</kw>
<kw name="Press Keys" library="SeleniumLibrary">
<doc>Simulates the user pressing key(s) to an element or on the active browser.</doc>
<arguments>
<arg>//input[@placeholder="Search for anything"]</arg>
<arg>python</arg>
</arguments>
<msg timestamp="20210104 22:11:17.671" level="INFO">Sending key(s) ('python',) to //input[@placeholder="Search for anything"] element.</msg>
<msg timestamp="20210104 22:11:18.535" level="INFO">Sending keys python</msg>
<status status="PASS" starttime="20210104 22:11:17.670" endtime="20210104 22:11:18.955"></status>
</kw>
<status status="PASS" starttime="20210104 22:11:17.162" endtime="20210104 22:11:18.956"></status>
</kw>
<kw name="close udemy" library="reskeyword" type="teardown">
<kw name="Close Browser" library="SeleniumLibrary">
<doc>Closes the current browser.</doc>
<status status="PASS" starttime="20210104 22:11:18.959" endtime="20210104 22:11:21.212"></status>
</kw>
<status status="PASS" starttime="20210104 22:11:18.957" endtime="20210104 22:11:21.213"></status>
</kw>
<tags>
<tag>all_tc</tag>
<tag>case2</tag>
<tag>study</tag>
</tags>
<status status="PASS" starttime="20210104 22:11:07.063" endtime="20210104 22:11:21.214" critical="yes"></status>
</test>
<test id="s1-s1-s1-t3" name="TC3">
<kw name="open udemy" library="reskeyword" type="setup">
<kw name="Open Browser" library="SeleniumLibrary">
<doc>Opens a new browser instance to the optional ``url``.</doc>
<arguments>
<arg>https://www.udemy.com/</arg>
<arg>chrome</arg>
</arguments>
<msg timestamp="20210104 22:11:21.223" level="INFO">Opening browser 'chrome' to base url 'https://www.udemy.com/'.</msg>
<status status="PASS" starttime="20210104 22:11:21.222" endtime="20210104 22:11:41.556"></status>
</kw>
<kw name="Maximize Browser Window" library="SeleniumLibrary">
<doc>Maximizes current browser window.</doc>
<status status="PASS" starttime="20210104 22:11:41.557" endtime="20210104 22:11:43.449"></status>
</kw>
<status status="PASS" starttime="20210104 22:11:21.221" endtime="20210104 22:11:43.450"></status>
</kw>
<kw name="Log To Console" library="BuiltIn">
<doc>Logs the given message to the console.</doc>
<arguments>
<arg>tc3</arg>
</arguments>
<status status="PASS" starttime="20210104 22:11:43.451" endtime="20210104 22:11:43.453"></status>
</kw>
<kw name="close udemy" library="reskeyword" type="teardown">
<kw name="Close Browser" library="SeleniumLibrary">
<doc>Closes the current browser.</doc>
<status status="PASS" starttime="20210104 22:11:43.456" endtime="20210104 22:11:45.700"></status>
</kw>
<status status="PASS" starttime="20210104 22:11:43.454" endtime="20210104 22:11:45.701"></status>
</kw>
<tags>
<tag>all_tc</tag>
<tag>hll</tag>
</tags>
<status status="PASS" starttime="20210104 22:11:21.219" endtime="20210104 22:11:45.702" critical="yes"></status>
</test>
<test id="s1-s1-s1-t4" name="TC4">
<kw name="open udemy" library="reskeyword" type="setup">
<kw name="Open Browser" library="SeleniumLibrary">
<doc>Opens a new browser instance to the optional ``url``.</doc>
<arguments>
<arg>https://www.udemy.com/</arg>
<arg>chrome</arg>
</arguments>
<msg timestamp="20210104 22:11:45.711" level="INFO">Opening browser 'chrome' to base url 'https://www.udemy.com/'.</msg>
<status status="PASS" starttime="20210104 22:11:45.710" endtime="20210104 22:11:52.828"></status>
</kw>
<kw name="Maximize Browser Window" library="SeleniumLibrary">
<doc>Maximizes current browser window.</doc>
<status status="PASS" starttime="20210104 22:11:52.829" endtime="20210104 22:11:54.364"></status>
</kw>
<status status="PASS" starttime="20210104 22:11:45.709" endtime="20210104 22:11:54.365"></status>
</kw>
<kw name="Log To Console" library="BuiltIn">
<doc>Logs the given message to the console.</doc>
<arguments>
<arg>hello</arg>
</arguments>
<status status="PASS" starttime="20210104 22:11:54.366" endtime="20210104 22:11:54.369"></status>
</kw>
<kw name="close udemy" library="reskeyword" type="teardown">
<kw name="Close Browser" library="SeleniumLibrary">
<doc>Closes the current browser.</doc>
<status status="PASS" starttime="20210104 22:11:54.372" endtime="20210104 22:11:56.575"></status>
</kw>
<status status="PASS" starttime="20210104 22:11:54.371" endtime="20210104 22:11:56.576"></status>
</kw>
<tags>
<tag>all_tc</tag>
<tag>hll</tag>
</tags>
<status status="PASS" starttime="20210104 22:11:45.707" endtime="20210104 22:11:56.577" critical="yes"></status>
</test>
<kw name="after suite exe" library="reskeyword" type="teardown">
<kw name="Log To Console" library="BuiltIn">
<doc>Logs the given message to the console.</doc>
<arguments>
<arg>this is after suite set up</arg>
</arguments>
<status status="PASS" starttime="20210104 22:11:56.584" endtime="20210104 22:11:56.585"></status>
</kw>
<status status="PASS" starttime="20210104 22:11:56.583" endtime="20210104 22:11:56.586"></status>
</kw>
<status status="PASS" starttime="20210104 22:10:54.981" endtime="20210104 22:11:56.586"></status>
</suite>
<kw name="Suite teardown" type="teardown">
<kw name="Log To Console" library="BuiltIn">
<doc>Logs the given message to the console.</doc>
<arguments>
<arg>this this suite teardown</arg>
</arguments>
<status status="PASS" starttime="20210104 22:11:56.600" endtime="20210104 22:11:56.601"></status>
</kw>
<status status="PASS" starttime="20210104 22:11:56.599" endtime="20210104 22:11:56.601"></status>
</kw>
<status status="PASS" starttime="20210104 22:10:54.969" endtime="20210104 22:11:56.601"></status>
</suite>
<status status="PASS" starttime="20210104 22:10:54.872" endtime="20210104 22:11:56.614"></status>
</suite>
<statistics>
<total>
<stat pass="4" fail="0">Critical Tests</stat>
<stat pass="4" fail="0">All Tests</stat>
</total>
<tag>
<stat pass="4" fail="0">all_tc</stat>
<stat pass="1" fail="0">case2</stat>
<stat pass="2" fail="0">hll</stat>
<stat pass="1" fail="0">othercase</stat>
<stat pass="1" fail="0">study</stat>
</tag>
<suite>
<stat pass="4" fail="0" id="s1" name="Testcases">Testcases</stat>
<stat pass="4" fail="0" id="s1-s1" name="Testoter">Testcases.Testoter</stat>
<stat pass="4" fail="0" id="s1-s1-s1" name="Teardowntest">Testcases.Testoter.Teardowntest</stat>
</suite>
</statistics>
<errors>
</errors>
</robot>
