<?xml version="1.0" encoding="UTF-8"?>
<robot generator="Rebot 3.1.2 (Python 3.8.1 on win32)" generated="20210204 16:17:26.790" rpa="false">
<suite id="s1" name="Goto" source="C:\Users\Mallikarjun\PycharmProjects\newproject\robotframework\testcases\goto.robot">
<test id="s1-t1" name="Test title">
<kw name="Open Browser" library="SeleniumLibrary">
<doc>Opens a new browser instance to the optional ``url``.</doc>
<arguments>
<arg>https://www.google.co.in/</arg>
<arg>chrome</arg>
</arguments>
<msg timestamp="20210204 16:17:12.336" level="INFO">Opening browser 'chrome' to base url 'https://www.google.co.in/'.</msg>
<status status="PASS" starttime="20210204 16:17:12.335" endtime="20210204 16:17:17.646"></status>
</kw>
<kw name="Go To" library="SeleniumLibrary">
<doc>Navigates the current browser window to the provided ``url``.</doc>
<arguments>
<arg>https://robotframework.org/</arg>
</arguments>
<msg timestamp="20210204 16:17:17.648" level="INFO">Opening url 'https://robotframework.org/'</msg>
<status status="PASS" starttime="20210204 16:17:17.647" endtime="20210204 16:17:24.471"></status>
</kw>
<kw name="Go Back" library="SeleniumLibrary">
<doc>Simulates the user clicking the back button on their browser.</doc>
<status status="PASS" starttime="20210204 16:17:24.472" endtime="20210204 16:17:26.412"></status>
</kw>
<kw name="Get Location" library="SeleniumLibrary">
<doc>Returns the current browser window URL.</doc>
<assign>
<var>${url1}</var>
</assign>
<msg timestamp="20210204 16:17:26.431" level="INFO">${url1} = https://www.google.co.in/</msg>
<status status="PASS" starttime="20210204 16:17:26.413" endtime="20210204 16:17:26.431"></status>
</kw>
<kw name="Log To Console" library="BuiltIn">
<doc>Logs the given message to the console.</doc>
<arguments>
<arg>${url1}</arg>
</arguments>
<status status="PASS" starttime="20210204 16:17:26.431" endtime="20210204 16:17:26.433"></status>
</kw>
<tags>
<tag>genric</tag>
</tags>
<status status="PASS" starttime="20210204 16:17:12.333" endtime="20210204 16:17:26.433" critical="yes"></status>
</test>
<doc>Suite description</doc>
<status status="PASS" starttime="20210204 16:17:11.593" endtime="20210204 16:17:26.437"></status>
</suite>
<statistics>
<total>
<stat pass="1" fail="0">Critical Tests</stat>
<stat pass="1" fail="0">All Tests</stat>
</total>
<tag>
<stat pass="1" fail="0">genric</stat>
</tag>
<suite>
<stat pass="1" fail="0" id="s1" name="Goto">Goto</stat>
</suite>
</statistics>
<errors>
</errors>
</robot>
